\BOOKMARK [1][-]{section.1}{\376\377\000I\000n\000t\000r\000o\000d\000u\000c\000t\000i\000o\000n}{}% 1
\BOOKMARK [2][-]{subsection.1.1}{\376\377\000D\000\351\000f\000i\000n\000i\000t\000i\000o\000n}{section.1}% 2
\BOOKMARK [2][-]{subsection.1.2}{\376\377\000P\000r\000\351\000s\000e\000n\000t\000a\000t\000i\000o\000n}{section.1}% 3
\BOOKMARK [1][-]{section.2}{\376\377\000C\000a\000r\000a\000c\000t\000\351\000r\000i\000s\000t\000i\000q\000u\000e\000s\000\040\000e\000t\000\040\000p\000r\000o\000p\000r\000i\000\351\000t\000\351\000s\000\040\000d\000e\000s\000\040\000a\000n\000t\000e\000n\000n\000e\000s\000\040\000Y\000a\000g\000i}{}% 4
\BOOKMARK [2][-]{subsection.2.1}{\376\377\000F\000r\000\351\000q\000u\000e\000n\000c\000e\000s\000\040\000e\000t\000\040\000l\000a\000r\000g\000e\000u\000r\000\040\000d\000e\000\040\000b\000a\000n\000d\000e}{section.2}% 5
\BOOKMARK [2][-]{subsection.2.2}{\376\377\000G\000a\000i\000n\000\040\000e\000t\000\040\000d\000i\000r\000e\000c\000t\000i\000v\000i\000t\000\351}{section.2}% 6
\BOOKMARK [1][-]{section.3}{\376\377\000\311\000t\000a\000t\000\040\000d\000e\000\040\000l\000'\000a\000r\000t\000\040\000d\000e\000s\000\040\000a\000n\000t\000e\000n\000n\000e\000s\000\040\000Y\000a\000g\000i}{}% 7
\BOOKMARK [2][-]{subsection.3.1}{\376\377\000F\000o\000n\000c\000t\000i\000o\000n\000n\000e\000m\000e\000n\000t}{section.3}% 8
\BOOKMARK [2][-]{subsection.3.2}{\376\377\000A\000v\000a\000n\000t\000a\000g\000e\000s\000\040\000e\000t\000\040\000l\000i\000m\000i\000t\000a\000t\000i\000o\000n\000s}{section.3}% 9
\BOOKMARK [2][-]{subsection.3.3}{\376\377\000U\000n\000e\000\040\000a\000n\000t\000e\000n\000n\000e\000\040\000e\000n\000\040\000c\000o\000n\000s\000t\000a\000n\000t\000e\000\040\000\351\000v\000o\000l\000u\000t\000i\000o\000n}{section.3}% 10
\BOOKMARK [1][-]{section.4}{\376\377\000F\000a\000b\000r\000i\000c\000a\000t\000i\000o\000n\000\040\000d\000'\000u\000n\000e\000\040\000a\000n\000t\000e\000n\000n\000e\000\040\000Y\000A\000G\000I}{}% 11
\BOOKMARK [2][-]{subsection.4.1}{\376\377\000L\000o\000g\000i\000c\000i\000e\000l\000s\000\040\000d\000e\000\040\000c\000o\000n\000c\000e\000p\000t\000i\000o\000n\000\040\000e\000t\000\040\000d\000e\000\040\000s\000i\000m\000u\000l\000a\000t\000i\000o\000n}{section.4}% 12
\BOOKMARK [2][-]{subsection.4.2}{\376\377\000F\000o\000r\000m\000u\000l\000e\000s\000\040\000e\000t\000\040\000\351\000q\000u\000a\000t\000i\000o\000n\000s\000\040\000u\000t\000i\000l\000e\000s\000\040\000p\000o\000u\000r\000\040\000l\000e\000\040\000d\000i\000m\000e\000n\000s\000i\000o\000n\000n\000e\000m\000e\000n\000t}{section.4}% 13
\BOOKMARK [2][-]{subsection.4.3}{\376\377\000O\000u\000t\000i\000l\000s\000\040\000e\000t\000\040\000m\000a\000t\000\351\000r\000i\000a\000u\000x\000\040\000n\000\351\000c\000e\000s\000s\000a\000i\000r\000e\000s}{section.4}% 14
\BOOKMARK [2][-]{subsection.4.4}{\376\377\000F\000a\000b\000r\000i\000c\000a\000t\000i\000o\000n\000\040\000d\000e\000\040\000l\000'\000a\000n\000t\000e\000n\000n\000e}{section.4}% 15
\BOOKMARK [3][-]{subsubsection.4.4.1}{\376\377\000L\000e\000\040\000b\000o\000o\000m}{subsection.4.4}% 16
\BOOKMARK [3][-]{subsubsection.4.4.2}{\376\377\000L\000e\000s\000\040\000\351\000l\000\351\000m\000e\000n\000t\000s}{subsection.4.4}% 17
\BOOKMARK [3][-]{subsubsection.4.4.3}{\376\377\000L\000'\000\351\000p\000i\000n\000g\000l\000e}{subsection.4.4}% 18
\BOOKMARK [3][-]{subsubsection.4.4.4}{\376\377\000L\000e\000\040\000m\000o\000n\000t\000a\000g\000e}{subsection.4.4}% 19
\BOOKMARK [2][-]{subsection.4.5}{\376\377\000E\000x\000e\000m\000p\000l\000e\000s\000\040\000d\000e\000\040\000p\000r\000o\000j\000e\000t\000s\000\040\000d\000e\000\040\000f\000a\000b\000r\000i\000c\000a\000t\000i\000o\000n\000\040\000d\000'\000a\000n\000t\000e\000n\000n\000e\000s\000\040\000Y\000a\000g\000i}{section.4}% 20
\BOOKMARK [1][-]{section.5}{\376\377\000C\000o\000n\000c\000l\000u\000s\000i\000o\000n}{}% 21
